  Queries.cpp
C:\Users\jmvallejo\source\repos\Jvalfdev\EpelConn\EpelConn\Queries.cpp(203,22): warning C4018: '<=': signed/unsigned mismatch
C:\Users\jmvallejo\source\repos\Jvalfdev\EpelConn\EpelConn\Queries.cpp(227,22): warning C4018: '<=': signed/unsigned mismatch
C:\Users\jmvallejo\source\repos\Jvalfdev\EpelConn\EpelConn\Queries.cpp(251,22): warning C4018: '<': signed/unsigned mismatch
C:\Users\jmvallejo\source\repos\Jvalfdev\EpelConn\EpelConn\Queries.cpp(379,28): warning C4101: 'e': unreferenced local variable
  XS.cpp
C:\Users\jmvallejo\source\repos\Jvalfdev\EpelConn\EpelConn\XS.cpp(212,26): warning C4101: 'e': unreferenced local variable
C:\Users\jmvallejo\source\repos\Jvalfdev\EpelConn\EpelConn\XS.cpp(224,26): warning C4101: 'e': unreferenced local variable
C:\Users\jmvallejo\source\repos\Jvalfdev\EpelConn\EpelConn\XS.cpp(236,26): warning C4101: 'e': unreferenced local variable
C:\Users\jmvallejo\source\repos\Jvalfdev\EpelConn\EpelConn\XS.cpp(269,28): warning C4101: 'e': unreferenced local variable
C:\Users\jmvallejo\source\repos\Jvalfdev\EpelConn\EpelConn\XS.cpp(282,28): warning C4101: 'e': unreferenced local variable
C:\Users\jmvallejo\source\repos\Jvalfdev\EpelConn\EpelConn\XS.cpp(344,26): warning C4101: 'e': unreferenced local variable
C:\Users\jmvallejo\source\repos\Jvalfdev\EpelConn\EpelConn\XS.cpp(360,26): warning C4101: 'e': unreferenced local variable
C:\Users\jmvallejo\source\repos\Jvalfdev\EpelConn\EpelConn\XS.cpp(392,26): warning C4101: 'e': unreferenced local variable
C:\Users\jmvallejo\source\repos\Jvalfdev\EpelConn\EpelConn\XS.cpp(404,26): warning C4101: 'e': unreferenced local variable
C:\Users\jmvallejo\source\repos\Jvalfdev\EpelConn\EpelConn\XS.cpp(432,26): warning C4101: 'e': unreferenced local variable
C:\Users\jmvallejo\source\repos\Jvalfdev\EpelConn\EpelConn\XS.cpp(446,26): warning C4101: 'e': unreferenced local variable
C:\Users\jmvallejo\source\repos\Jvalfdev\EpelConn\EpelConn\XS.cpp(478,26): warning C4101: 'e': unreferenced local variable
C:\Users\jmvallejo\source\repos\Jvalfdev\EpelConn\EpelConn\XS.cpp(498,26): warning C4101: 'e': unreferenced local variable
C:\Users\jmvallejo\source\repos\Jvalfdev\EpelConn\EpelConn\XS.cpp(550,26): warning C4101: 'e': unreferenced local variable
C:\Users\jmvallejo\source\repos\Jvalfdev\EpelConn\EpelConn\XS.cpp(594,26): warning C4101: 'e': unreferenced local variable
C:\Users\jmvallejo\source\repos\Jvalfdev\EpelConn\EpelConn\XS.cpp(644,27): warning C4101: 'e': unreferenced local variable
C:\Users\jmvallejo\source\repos\Jvalfdev\EpelConn\EpelConn\XS.cpp(687,26): warning C4101: 'e': unreferenced local variable
C:\Users\jmvallejo\source\repos\Jvalfdev\EpelConn\EpelConn\XS.cpp(737,27): warning C4101: 'e': unreferenced local variable
C:\Users\jmvallejo\source\repos\Jvalfdev\EpelConn\EpelConn\XS.cpp(782,26): warning C4101: 'e': unreferenced local variable
C:\Users\jmvallejo\source\repos\Jvalfdev\EpelConn\EpelConn\XS.cpp(816,26): warning C4101: 'e': unreferenced local variable
C:\Users\jmvallejo\source\repos\Jvalfdev\EpelConn\EpelConn\XS.cpp(831,28): warning C4101: 'e': unreferenced local variable
C:\Users\jmvallejo\source\repos\Jvalfdev\EpelConn\EpelConn\XS.cpp(859,28): warning C4101: 'e': unreferenced local variable
C:\Users\jmvallejo\source\repos\Jvalfdev\EpelConn\EpelConn\XS.cpp(874,28): warning C4101: 'e': unreferenced local variable
C:\Users\jmvallejo\source\repos\Jvalfdev\EpelConn\EpelConn\XS.cpp(927,28): warning C4101: 'e': unreferenced local variable
C:\Users\jmvallejo\source\repos\Jvalfdev\EpelConn\EpelConn\XS.cpp(971,26): warning C4101: 'e': unreferenced local variable
C:\Users\jmvallejo\source\repos\Jvalfdev\EpelConn\EpelConn\XS.cpp(1020,27): warning C4101: 'e': unreferenced local variable
C:\Users\jmvallejo\source\repos\Jvalfdev\EpelConn\EpelConn\XS.cpp(1064,26): warning C4101: 'e': unreferenced local variable
C:\Users\jmvallejo\source\repos\Jvalfdev\EpelConn\EpelConn\XS.cpp(1093,27): warning C4101: 'e': unreferenced local variable
C:\Users\jmvallejo\source\repos\Jvalfdev\EpelConn\EpelConn\XS.cpp(1110,27): warning C4101: 'e': unreferenced local variable
C:\Users\jmvallejo\source\repos\Jvalfdev\EpelConn\EpelConn\XS.cpp(1142,27): warning C4101: 'e': unreferenced local variable
C:\Users\jmvallejo\source\repos\Jvalfdev\EpelConn\EpelConn\XS.cpp(1159,27): warning C4101: 'e': unreferenced local variable
  main.cpp
  Generating Code...
C:\Users\jmvallejo\source\repos\Jvalfdev\EpelConn\EpelConn\XS.cpp(128): error C4716: 'XS::getLastTicketOrd': must return a value
C:\Users\jmvallejo\source\repos\Jvalfdev\EpelConn\EpelConn\XS.cpp(182): error C4716: 'XS::getTicketsPaused': must return a value
